e:\python\code\hook\wechatspy\wechatspy\debug\wechatspy.pch
e:\python\code\hook\wechatspy\wechatspy\debug\vc141.pdb
e:\python\code\hook\wechatspy\wechatspy\debug\vc141.idb
e:\python\code\hook\wechatspy\wechatspy\debug\pch.obj
e:\python\code\hook\wechatspy\wechatspy\debug\utils.obj
e:\python\code\hook\wechatspy\wechatspy\debug\sockettool.obj
e:\python\code\hook\wechatspy\wechatspy\debug\sendmessage.obj
e:\python\code\hook\wechatspy\wechatspy\debug\recevmessage.obj
e:\python\code\hook\wechatspy\wechatspy\debug\dllmain.obj
e:\python\code\hook\wechatspy\debug\wechatspy.ilk
e:\python\code\hook\wechatspy\debug\wechatspy.dll
e:\python\code\hook\wechatspy\debug\wechatspy.pdb
e:\python\code\hook\wechatspy\wechatspy\debug\wechatspy.res
e:\python\code\hook\wechatspy\wechatspy\debug\wechatspy.tlog\cl.command.1.tlog
e:\python\code\hook\wechatspy\wechatspy\debug\wechatspy.tlog\cl.read.1.tlog
e:\python\code\hook\wechatspy\wechatspy\debug\wechatspy.tlog\cl.write.1.tlog
e:\python\code\hook\wechatspy\wechatspy\debug\wechatspy.tlog\link.command.1.tlog
e:\python\code\hook\wechatspy\wechatspy\debug\wechatspy.tlog\link.read.1.tlog
e:\python\code\hook\wechatspy\wechatspy\debug\wechatspy.tlog\link.write.1.tlog
e:\python\code\hook\wechatspy\wechatspy\debug\wechatspy.tlog\rc.command.1.tlog
e:\python\code\hook\wechatspy\wechatspy\debug\wechatspy.tlog\rc.read.1.tlog
e:\python\code\hook\wechatspy\wechatspy\debug\wechatspy.tlog\rc.write.1.tlog
